
WARNING: apt does not have a stable CLI interface. Use with caution in scripts.


WARNING: apt does not have a stable CLI interface. Use with caution in scripts.

debconf: delaying package configuration, since apt-utils is not installed

WARNING: apt does not have a stable CLI interface. Use with caution in scripts.


WARNING: apt does not have a stable CLI interface. Use with caution in scripts.

--2023-07-01 14:20:47--  http://packages.ros.org/ros.key
Resolving packages.ros.org (packages.ros.org)... 64.50.233.100, 64.50.236.52, 140.211.166.134, ...
Connecting to packages.ros.org (packages.ros.org)|64.50.233.100|:80... connected.
HTTP request sent, awaiting response... 200 OK
Length: 1167 (1.1K)
Saving to: ‘ros.key’

     0K .                                                     100% 56.5M=0s

2023-07-01 14:20:48 (56.5 MB/s) - ‘ros.key’ saved [1167/1167]

Warning: apt-key output should not be parsed (stdout is not a terminal)

WARNING: apt does not have a stable CLI interface. Use with caution in scripts.


WARNING: apt does not have a stable CLI interface. Use with caution in scripts.

debconf: delaying package configuration, since apt-utils is not installed

WARNING: apt does not have a stable CLI interface. Use with caution in scripts.


WARNING: apt does not have a stable CLI interface. Use with caution in scripts.

--2023-07-01 14:21:11--  https://mirrors.tuna.tsinghua.edu.cn/github-raw/ros/rosdistro/master/rosdep/sources.list.d/20-default.list
Resolving mirrors.tuna.tsinghua.edu.cn (mirrors.tuna.tsinghua.edu.cn)... 101.6.15.130, 2402:f000:1:400::2
Connecting to mirrors.tuna.tsinghua.edu.cn (mirrors.tuna.tsinghua.edu.cn)|101.6.15.130|:443... connected.
HTTP request sent, awaiting response... 200 OK
Length: 550 [application/octet-stream]
Saving to: ‘/etc/ros/rosdep/sources.list.d/20-default.list’

     0K                                                       100% 65.5M=0s

2023-07-01 14:21:11 (65.5 MB/s) - ‘/etc/ros/rosdep/sources.list.d/20-default.list’ saved [550/550]

Warning: running 'rosdep update' as root is not recommended.
  You should run 'sudo rosdep fix-permissions' and invoke 'rosdep update' again without sudo.

WARNING: apt does not have a stable CLI interface. Use with caution in scripts.


WARNING: apt does not have a stable CLI interface. Use with caution in scripts.

